  Task1.cpp
D:\CppCourseLabs\Lab5Cpp\Task1\DataManager.h(208,29): warning C4018: '>': signed/unsigned mismatch
D:\CppCourseLabs\Lab5Cpp\Task1\DataManager.h(213,2): warning C4018: '<': signed/unsigned mismatch
D:\CppCourseLabs\Lab5Cpp\Task1\DataManager.h(220,2): warning C4018: '<': signed/unsigned mismatch
D:\CppCourseLabs\Lab5Cpp\Task1\DataManager.h(19,2): warning C4018: '<': signed/unsigned mismatch
D:\CppCourseLabs\Lab5Cpp\Task1\DataManager.h(18): message : while compiling class template member function 'void DataManager<int>::push(T [],size_t)'
          with
          [
              T=int
          ]
D:\CppCourseLabs\Lab5Cpp\Task1\Task1.cpp(8): message : see reference to function template instantiation 'void DataManager<int>::push(T [],size_t)' being compiled
          with
          [
              T=int
          ]
D:\CppCourseLabs\Lab5Cpp\Task1\Task1.cpp(5): message : see reference to class template instantiation 'DataManager<int>' being compiled
D:\CppCourseLabs\Lab5Cpp\Task1\DataManager.h(88,29): warning C4018: '>': signed/unsigned mismatch
D:\CppCourseLabs\Lab5Cpp\Task1\DataManager.h(78): message : while compiling class template member function 'void DataManager<double>::chekEmpty(void)'
D:\CppCourseLabs\Lab5Cpp\Task1\DataManager.h(63): message : see reference to function template instantiation 'void DataManager<double>::chekEmpty(void)' being compiled
D:\CppCourseLabs\Lab5Cpp\Task1\Task1.cpp(31): message : see reference to class template instantiation 'DataManager<double>' being compiled
D:\CppCourseLabs\Lab5Cpp\Task1\DataManager.h(93,2): warning C4018: '<': signed/unsigned mismatch
D:\CppCourseLabs\Lab5Cpp\Task1\DataManager.h(100,2): warning C4018: '<': signed/unsigned mismatch
D:\CppCourseLabs\Lab5Cpp\Task1\DataManager.h(77): warning C4715: 'DataManager<int>::pop': not all control paths return a value
D:\CppCourseLabs\Lab5Cpp\Task1\DataManager.h(174): warning C4715: 'DataManager<char>::popUpper': not all control paths return a value
D:\CppCourseLabs\Lab5Cpp\Task1\DataManager.h(77): warning C4715: 'DataManager<double>::pop': not all control paths return a value
  Task1.vcxproj -> D:\CppCourseLabs\Lab5Cpp\Debug\Task1.exe
